<?xml version="1.0" encoding="UTF-8"?>
<!-- Generated by org.testng.reporters.JUnitReportReporter -->
<testsuite hostname="LAPTOP-K8J9AS79" failures="0" tests="4" name="api.testcases.UserTest" time="14.742" errors="0" timestamp="2024-03-21T15:20:15 IST" skipped="0">
  <testcase classname="api.testcases.UserTest" name="testCreateUser" time="4.297"/>
  <system-out/>
  <testcase classname="api.testcases.UserTest" name="testGetUserData" time="2.268"/>
  <system-out/>
  <testcase classname="api.testcases.UserTest" name="testUpdateUser" time="5.827"/>
  <system-out/>
  <testcase classname="api.testcases.UserTest" name="testDeleteUser" time="2.350"/>
  <system-out/>
</testsuite> <!-- api.testcases.UserTest -->
