<?xml version="1.0" encoding="UTF-8"?>
<!-- Generated by org.testng.reporters.JUnitReportReporter -->
<testsuite hostname="LAPTOP-K8J9AS79" failures="0" tests="4" name="api.testcases.UserTest2" time="15.010" errors="0" timestamp="2024-03-21T15:39:14 IST" skipped="0">
  <testcase classname="api.testcases.UserTest2" name="testCreateUser" time="5.224"/>
  <system-out/>
  <testcase classname="api.testcases.UserTest2" name="testGetUserData" time="2.634"/>
  <system-out/>
  <testcase classname="api.testcases.UserTest2" name="testUpdateUser" time="4.494"/>
  <system-out/>
  <testcase classname="api.testcases.UserTest2" name="testDeleteUser" time="2.658"/>
  <system-out/>
</testsuite> <!-- api.testcases.UserTest2 -->
