<?xml version="1.0" encoding="UTF-8"?>
<!-- Generated by org.testng.reporters.JUnitReportReporter -->
<testsuite hostname="LAPTOP-K8J9AS79" failures="0" tests="12" name="api.testcases.UserTestDDT" time="33.147" errors="0" timestamp="2024-03-21T14:57:49 IST" skipped="0">
  <testcase classname="api.testcases.UserTestDDT" name="testCreateUser" time="2.457"/>
  <system-out/>
  <testcase classname="api.testcases.UserTestDDT" name="testCreateUser" time="2.195"/>
  <system-out/>
  <testcase classname="api.testcases.UserTestDDT" name="testCreateUser" time="5.447"/>
  <system-out/>
  <testcase classname="api.testcases.UserTestDDT" name="testCreateUser" time="1.931"/>
  <system-out/>
  <testcase classname="api.testcases.UserTestDDT" name="testGetUserData" time="2.659"/>
  <system-out/>
  <testcase classname="api.testcases.UserTestDDT" name="testGetUserData" time="2.671"/>
  <system-out/>
  <testcase classname="api.testcases.UserTestDDT" name="testGetUserData" time="2.863"/>
  <system-out/>
  <testcase classname="api.testcases.UserTestDDT" name="testGetUserData" time="2.459"/>
  <system-out/>
  <testcase classname="api.testcases.UserTestDDT" name="testDeleteUser" time="2.046"/>
  <system-out/>
  <testcase classname="api.testcases.UserTestDDT" name="testDeleteUser" time="2.864"/>
  <system-out/>
  <testcase classname="api.testcases.UserTestDDT" name="testDeleteUser" time="2.660"/>
  <system-out/>
  <testcase classname="api.testcases.UserTestDDT" name="testDeleteUser" time="2.895"/>
  <system-out/>
</testsuite> <!-- api.testcases.UserTestDDT -->
